This file contains any messages produced by compilers while
running configure, to aid debugging if configure makes a mistake.

It was created by libwdi configure 1.2.2, which was
generated by GNU Autoconf 2.68.  Invocation command line was

  $ ./configure --with-libusb0=/c/libusb --enable-examples-build

## --------- ##
## Platform. ##
## --------- ##

hostname = aslwindev
uname -m = i686
uname -r = 1.0.10(0.46/3/2)
uname -s = MINGW32_NT-6.1
uname -v = 2004-03-15 07:17

/usr/bin/uname -p = unknown
/bin/uname -X     = unknown

/bin/arch              = unknown
/usr/bin/arch -k       = unknown
/usr/convex/getsysinfo = unknown
/usr/bin/hostinfo      = unknown
/bin/machine           = unknown
/usr/bin/oslevel       = unknown
/bin/universe          = unknown

PATH: .
PATH: /usr/local/bin
PATH: /mingw/bin
PATH: /bin
PATH: /c/Program Files/Common Files/Microsoft Shared/Windows Live
PATH: /c/Program Files (x86)/Common Files/Microsoft Shared/Windows Live
PATH: /c/Windows/system32
PATH: /c/Windows
PATH: /c/Windows/System32/Wbem
PATH: /c/Windows/System32/WindowsPowerShell/v1.0/
PATH: /c/Program Files (x86)/Windows Live/Shared
PATH: /c/Program Files (x86)/Common Files/Roxio Shared/DLLShared/
PATH: /c/Program Files (x86)/Common Files/Roxio Shared/OEM/DLLShared/
PATH: /c/Program Files (x86)/Common Files/Roxio Shared/OEM/DLLShared/
PATH: /c/Program Files (x86)/Common Files/Roxio Shared/OEM/12.0/DLLShared/
PATH: /c/Program Files (x86)/Roxio/OEM/AudioCore/
PATH: /c/Program Files (x86)/Common Files/Acronis/SnapAPI/
PATH: /c/Program Files/TortoiseGit/bin
PATH: /c/Program Files (x86)/NSIS/
PATH: /c/MinGW64/bin
PATH: /c/Program Files (x86)/Atmel/sam-ba_2.12/drv/
PATH: /c/Program Files (x86)/Atmel/sam-ba_2.12
PATH: /mingw/bin
PATH: /usr/bin


## ----------- ##
## Core tests. ##
## ----------- ##

configure:2185: checking for a BSD-compatible install
configure:2253: result: ./install-sh -c
configure:2264: checking whether build environment is sane
configure:2314: result: yes
configure:2455: checking for a thread-safe mkdir -p
configure:2494: result: /bin/mkdir -p
configure:2507: checking for gawk
configure:2523: found /bin/gawk
configure:2534: result: gawk
configure:2545: checking whether make sets $(MAKE)
configure:2567: result: yes
configure:2715: checking for gcc
configure:2731: found /c/MinGW64/bin/gcc
configure:2742: result: gcc
configure:2971: checking for C compiler version
configure:2980: gcc --version >&5
gcc.exe (tdm64-1) 4.7.1
Copyright (C) 2012 Free Software Foundation, Inc.
This is free software; see the source for copying conditions.  There is NO
warranty; not even for MERCHANTABILITY or FITNESS FOR A PARTICULAR PURPOSE.

configure:2991: $? = 0
configure:2980: gcc -v >&5
Using built-in specs.
COLLECT_GCC=c:\MinGW64\bin\gcc.exe
COLLECT_LTO_WRAPPER=c:/mingw64/bin/../libexec/gcc/x86_64-w64-mingw32/4.7.1/lto-wrapper.exe
Target: x86_64-w64-mingw32
Configured with: ../../src/gcc-4.7.1/configure --build=x86_64-w64-mingw32 --enable-targets=all --enable-languages=c,c++,fortran,objc,obj-c++ --enable-libgomp --enable-lto --enable-libstdcxx-debug --enable-version-specific-runtime-libs --enable-fully-dynamic-string --with-gnu-ld --disable-werror --disable-nls --disable-win32-registry --prefix=/mingw64tdm --with-local-prefix=/mingw64tdm --with-pkgversion=tdm64-1 --with-bugurl=http://tdm-gcc.tdragon.net/bugs
Thread model: win32
gcc version 4.7.1 (tdm64-1) 
configure:2991: $? = 0
configure:2980: gcc -V >&5
gcc.exe: error: unrecognized command line option '-V'
gcc.exe: fatal error: no input files
compilation terminated.
configure:2991: $? = 1
configure:2980: gcc -qversion >&5
gcc.exe: error: unrecognized command line option '-qversion'
gcc.exe: fatal error: no input files
compilation terminated.
configure:2991: $? = 1
configure:3011: checking whether the C compiler works
configure:3033: gcc    conftest.c  >&5
configure:3037: $? = 0
configure:3085: result: yes
configure:3088: checking for C compiler default output file name
configure:3090: result: a.exe
configure:3096: checking for suffix of executables
configure:3103: gcc -o conftest.exe    conftest.c  >&5
configure:3107: $? = 0
configure:3129: result: .exe
configure:3151: checking whether we are cross compiling
configure:3159: gcc -o conftest.exe    conftest.c  >&5
configure:3163: $? = 0
configure:3170: ./conftest.exe
configure:3174: $? = 0
configure:3189: result: no
configure:3194: checking for suffix of object files
configure:3216: gcc -c   conftest.c >&5
configure:3220: $? = 0
configure:3241: result: o
configure:3245: checking whether we are using the GNU C compiler
configure:3264: gcc -c   conftest.c >&5
configure:3264: $? = 0
configure:3273: result: yes
configure:3282: checking whether gcc accepts -g
configure:3302: gcc -c -g  conftest.c >&5
configure:3302: $? = 0
configure:3343: result: yes
configure:3360: checking for gcc option to accept ISO C89
configure:3424: gcc  -c -g -O2  conftest.c >&5
configure:3424: $? = 0
configure:3437: result: none needed
configure:3468: checking for style of include used by make
configure:3496: result: GNU
configure:3521: checking dependency style of gcc
configure:3631: result: gcc3
configure:3648: WARNING: Libtool does not cope well with whitespace in `pwd`
configure:3675: checking build system type
configure:3689: result: i686-pc-mingw32
configure:3709: checking host system type
configure:3722: result: i686-pc-mingw32
configure:3763: checking how to print strings
configure:3790: result: printf
configure:3811: checking for a sed that does not truncate output
configure:3875: result: /bin/sed
configure:3893: checking for grep that handles long lines and -e
configure:3951: result: /bin/grep
configure:3956: checking for egrep
configure:4018: result: /bin/grep -E
configure:4023: checking for fgrep
configure:4085: result: /bin/grep -F
configure:4120: checking for ld used by gcc
configure:4187: result: c:/mingw64/x86_64-w64-mingw32/bin/ld.exe
configure:4194: checking if the linker (c:/mingw64/x86_64-w64-mingw32/bin/ld.exe) is GNU ld
configure:4209: result: yes
configure:4221: checking for BSD- or MS-compatible name lister (nm)
configure:4270: result: /c/MinGW64/bin/nm
configure:4400: checking the name lister (/c/MinGW64/bin/nm) interface
configure:4407: gcc -c -g -O2  conftest.c >&5
configure:4410: /c/MinGW64/bin/nm "conftest.o"
configure:4413: output
0000000000000000 b .bss
0000000000000000 d .data
0000000000000000 N .debug_abbrev
0000000000000000 N .debug_aranges
0000000000000000 N .debug_info
0000000000000000 N .debug_line
0000000000000000 t .text
0000000000000000 B some_variable
configure:4420: result: BSD nm
configure:4423: checking whether ln -s works
configure:4430: result: no, using cp -p
configure:4435: checking the maximum length of command line arguments
configure:4560: result: 8192
configure:4577: checking whether the shell understands some XSI constructs
configure:4587: result: yes
configure:4591: checking whether the shell understands "+="
configure:4597: result: no
configure:4632: checking how to convert i686-pc-mingw32 file names to i686-pc-mingw32 format
configure:4672: result: func_convert_file_msys_to_w32
configure:4679: checking how to convert i686-pc-mingw32 file names to toolchain format
configure:4699: result: func_convert_file_msys_to_w32
configure:4706: checking for c:/mingw64/x86_64-w64-mingw32/bin/ld.exe option to reload object files
configure:4713: result: -r
configure:4787: checking for objdump
configure:4803: found /c/MinGW64/bin/objdump
configure:4814: result: objdump
configure:4846: checking how to recognize dependent libraries
configure:5048: result: file_magic file format (pei*-i386(.*architecture: i386)?|pe-arm-wince|pe-x86-64)
configure:5133: checking for dlltool
configure:5149: found /c/MinGW64/bin/dlltool
configure:5160: result: dlltool
configure:5193: checking how to associate runtime and link libraries
configure:5220: result: func_cygming_dll_for_implib
configure:5281: checking for ar
configure:5297: found /c/MinGW64/bin/ar
configure:5308: result: ar
configure:5345: checking for archiver @FILE support
configure:5362: gcc -c -g -O2  conftest.c >&5
configure:5362: $? = 0
configure:5365: ar cru libconftest.a @conftest.lst >&5
configure:5368: $? = 0
configure:5373: ar cru libconftest.a @conftest.lst >&5
c:\MinGW64\bin\ar.exe: conftest.o: No such file or directory
configure:5376: $? = 1
configure:5388: result: @
configure:5446: checking for strip
configure:5462: found /c/MinGW64/bin/strip
configure:5473: result: strip
configure:5545: checking for ranlib
configure:5561: found /c/MinGW64/bin/ranlib
configure:5572: result: ranlib
configure:5674: checking command to parse /c/MinGW64/bin/nm output from gcc object
configure:5793: gcc -c -g -O2  conftest.c >&5
configure:5796: $? = 0
configure:5800: /c/MinGW64/bin/nm conftest.o \| sed -n -e 's/^.*[ ]\([ABCDGIRSTW][ABCDGIRSTW]*\)[ ][ ]*\([_A-Za-z][_A-Za-z0-9]*\)\{0,1\}$/\1 \2 \2/p' | sed '/ __gnu_lto/d' \> conftest.nm
configure:5803: $? = 0
configure:5869: gcc -o conftest.exe -g -O2   conftest.c conftstm.o >&5
configure:5872: $? = 0
configure:5910: result: ok
configure:5947: checking for sysroot
configure:5977: result: no
configure:6220: checking for mt
configure:6250: result: no
configure:6270: checking if : is a manifest tool
configure:6276: : '-?'
configure:6284: result: no
configure:6916: checking how to run the C preprocessor
configure:6947: gcc -E  conftest.c
configure:6947: $? = 0
configure:6961: gcc -E  conftest.c
conftest.c:11:28: fatal error: ac_nonexistent.h: No such file or directory
compilation terminated.
configure:6961: $? = 1
configure: failed program was:
| /* confdefs.h */
| #define PACKAGE_NAME "libwdi"
| #define PACKAGE_TARNAME "libwdi"
| #define PACKAGE_VERSION "1.2.2"
| #define PACKAGE_STRING "libwdi 1.2.2"
| #define PACKAGE_BUGREPORT "libwdi-devel@lists.sourceforge.net"
| #define PACKAGE_URL "http://libwdi.akeo.ie"
| #define PACKAGE "libwdi"
| #define VERSION "1.2.2"
| /* end confdefs.h.  */
| #include <ac_nonexistent.h>
configure:6986: result: gcc -E
configure:7006: gcc -E  conftest.c
configure:7006: $? = 0
configure:7020: gcc -E  conftest.c
conftest.c:11:28: fatal error: ac_nonexistent.h: No such file or directory
compilation terminated.
configure:7020: $? = 1
configure: failed program was:
| /* confdefs.h */
| #define PACKAGE_NAME "libwdi"
| #define PACKAGE_TARNAME "libwdi"
| #define PACKAGE_VERSION "1.2.2"
| #define PACKAGE_STRING "libwdi 1.2.2"
| #define PACKAGE_BUGREPORT "libwdi-devel@lists.sourceforge.net"
| #define PACKAGE_URL "http://libwdi.akeo.ie"
| #define PACKAGE "libwdi"
| #define VERSION "1.2.2"
| /* end confdefs.h.  */
| #include <ac_nonexistent.h>
configure:7049: checking for ANSI C header files
configure:7069: gcc -c -g -O2  conftest.c >&5
configure:7069: $? = 0
configure:7139: gcc -o conftest.exe -g -O2   conftest.c  >&5
configure:7139: $? = 0
configure:7139: ./conftest.exe
configure:7139: $? = 0
configure:7150: result: yes
configure:7163: checking for sys/types.h
configure:7163: gcc -c -g -O2  conftest.c >&5
configure:7163: $? = 0
configure:7163: result: yes
configure:7163: checking for sys/stat.h
configure:7163: gcc -c -g -O2  conftest.c >&5
configure:7163: $? = 0
configure:7163: result: yes
configure:7163: checking for stdlib.h
configure:7163: gcc -c -g -O2  conftest.c >&5
configure:7163: $? = 0
configure:7163: result: yes
configure:7163: checking for string.h
configure:7163: gcc -c -g -O2  conftest.c >&5
configure:7163: $? = 0
configure:7163: result: yes
configure:7163: checking for memory.h
configure:7163: gcc -c -g -O2  conftest.c >&5
configure:7163: $? = 0
configure:7163: result: yes
configure:7163: checking for strings.h
configure:7163: gcc -c -g -O2  conftest.c >&5
configure:7163: $? = 0
configure:7163: result: yes
configure:7163: checking for inttypes.h
configure:7163: gcc -c -g -O2  conftest.c >&5
configure:7163: $? = 0
configure:7163: result: yes
configure:7163: checking for stdint.h
configure:7163: gcc -c -g -O2  conftest.c >&5
configure:7163: $? = 0
configure:7163: result: yes
configure:7163: checking for unistd.h
configure:7163: gcc -c -g -O2  conftest.c >&5
configure:7163: $? = 0
configure:7163: result: yes
configure:7177: checking for dlfcn.h
configure:7177: gcc -c -g -O2  conftest.c >&5
conftest.c:55:19: fatal error: dlfcn.h: No such file or directory
compilation terminated.
configure:7177: $? = 1
configure: failed program was:
| /* confdefs.h */
| #define PACKAGE_NAME "libwdi"
| #define PACKAGE_TARNAME "libwdi"
| #define PACKAGE_VERSION "1.2.2"
| #define PACKAGE_STRING "libwdi 1.2.2"
| #define PACKAGE_BUGREPORT "libwdi-devel@lists.sourceforge.net"
| #define PACKAGE_URL "http://libwdi.akeo.ie"
| #define PACKAGE "libwdi"
| #define VERSION "1.2.2"
| #define STDC_HEADERS 1
| #define HAVE_SYS_TYPES_H 1
| #define HAVE_SYS_STAT_H 1
| #define HAVE_STDLIB_H 1
| #define HAVE_STRING_H 1
| #define HAVE_MEMORY_H 1
| #define HAVE_STRINGS_H 1
| #define HAVE_INTTYPES_H 1
| #define HAVE_STDINT_H 1
| #define HAVE_UNISTD_H 1
| /* end confdefs.h.  */
| #include <stdio.h>
| #ifdef HAVE_SYS_TYPES_H
| # include <sys/types.h>
| #endif
| #ifdef HAVE_SYS_STAT_H
| # include <sys/stat.h>
| #endif
| #ifdef STDC_HEADERS
| # include <stdlib.h>
| # include <stddef.h>
| #else
| # ifdef HAVE_STDLIB_H
| #  include <stdlib.h>
| # endif
| #endif
| #ifdef HAVE_STRING_H
| # if !defined STDC_HEADERS && defined HAVE_MEMORY_H
| #  include <memory.h>
| # endif
| # include <string.h>
| #endif
| #ifdef HAVE_STRINGS_H
| # include <strings.h>
| #endif
| #ifdef HAVE_INTTYPES_H
| # include <inttypes.h>
| #endif
| #ifdef HAVE_STDINT_H
| # include <stdint.h>
| #endif
| #ifdef HAVE_UNISTD_H
| # include <unistd.h>
| #endif
| 
| #include <dlfcn.h>
configure:7177: result: no
configure:7364: checking for objdir
configure:7379: result: .libs
configure:7646: checking if gcc supports -fno-rtti -fno-exceptions
configure:7664: gcc -c -g -O2  -fno-rtti -fno-exceptions conftest.c >&5
cc1.exe: warning: command line option '-fno-rtti' is valid for C++/ObjC++ but not for C [enabled by default]
configure:7668: $? = 0
configure:7681: result: no
configure:7991: checking for gcc option to produce PIC
configure:7998: result: -DDLL_EXPORT -DPIC
configure:8006: checking if gcc PIC flag -DDLL_EXPORT -DPIC works
configure:8024: gcc -c -g -O2  -DDLL_EXPORT -DPIC -DPIC conftest.c >&5
configure:8028: $? = 0
configure:8041: result: yes
configure:8070: checking if gcc static flag -static works
configure:8098: result: yes
configure:8113: checking if gcc supports -c -o file.o
configure:8134: gcc -c -g -O2  -o out/conftest2.o conftest.c >&5
configure:8138: $? = 0
configure:8160: result: yes
configure:8168: checking if gcc supports -c -o file.o
configure:8215: result: yes
configure:8248: checking whether the gcc linker (c:/mingw64/x86_64-w64-mingw32/bin/ld.exe) supports shared libraries
configure:9406: result: yes
configure:9443: checking whether -lc should be explicitly linked in
configure:9451: gcc -c -g -O2  conftest.c >&5
configure:9454: $? = 0
configure:9469: gcc -shared conftest.o  -v -o ./conftest -Wl,--enable-auto-image-base -Xlinker --out-implib -Xlinker conftest 2\>\&1 \| /bin/grep  -lc  \>/dev/null 2\>\&1
configure:9472: $? = 1
configure:9486: result: yes
configure:9651: checking dynamic linker characteristics
configure:10387: result: Win32 ld.exe
configure:10494: checking how to hardcode library paths into programs
configure:10519: result: immediate
configure:11059: checking whether stripping libraries is possible
configure:11064: result: yes
configure:11099: checking if libtool supports shared libraries
configure:11101: result: yes
configure:11104: checking whether to build shared libraries
configure:11125: result: yes
configure:11128: checking whether to build static libraries
configure:11132: result: yes
configure:11210: checking for windres
configure:11226: found /c/MinGW64/bin/windres
configure:11237: result: windres
configure:11344: checking for inline
configure:11360: gcc -c -g -O2  conftest.c >&5
configure:11360: $? = 0
configure:11368: result: inline
configure:11387: checking whether gcc and cc understand -c and -o together
configure:11418: gcc -c conftest.c -o conftest2.o >&5
configure:11422: $? = 0
configure:11428: gcc -c conftest.c -o conftest2.o >&5
configure:11432: $? = 0
configure:11443: cc -c conftest.c >&5
./configure: cc: command not found
configure:11447: $? = 127
configure:11487: result: yes
configure:11591: checking development environment
configure:11595: result: MinGW
configure:11681: checking whether the build compiler can produce executables that run on this host
configure:11700: gcc -o conftest.exe    conftest.c  >&5
configure:11700: $? = 0
configure:11700: ./conftest.exe
configure:11700: $? = 0
configure:11701: result: yes
configure:11727: checking whether the compiler can produce 32 bit binaries
configure:11740: gcc -c -g -O2 -m32  conftest.c >&5
configure:11740: $? = 0
configure:11747: result: yes
configure:11758: checking whether the compiler can produce 64 bit binaries
configure:11771: gcc -c -g -O2 -m64  conftest.c >&5
configure:11771: $? = 0
configure:11778: result: yes
configure:11874: will produce 32 bit library and samples, compatible with 64 bit platforms
configure:11876: if you want to produce 64 bit only library and samples, use --disable-32bit
configure:12081: checking for /c/libusb/bin/x86/libusb0.sys
configure:12095: result: yes
configure:12107: checking for /c/libusb/bin/x86/libusb0_x86.dll
configure:12121: result: yes
configure:12135: checking for /c/libusb/bin/amd64/libusb0.sys
configure:12149: result: yes
configure:12161: checking for /c/libusb/bin/amd64/libusb0.dll
configure:12175: result: yes
configure:12604: gcc -c -g -O2 -Wno-pointer-sign  conftest.c >&5
configure:12604: $? = 0
configure:12768: creating ./config.status

## ---------------------- ##
## Running config.status. ##
## ---------------------- ##

This file was extended by libwdi config.status 1.2.2, which was
generated by GNU Autoconf 2.68.  Invocation command line was

  CONFIG_FILES    = 
  CONFIG_HEADERS  = 
  CONFIG_LINKS    = 
  CONFIG_COMMANDS = 
  $ ./config.status 

on aslwindev

config.status:1181: creating Makefile
config.status:1181: creating libwdi/Makefile
config.status:1181: creating libwdi/libwdi.pc
config.status:1181: creating examples/Makefile
config.status:1181: creating config.h
config.status:1362: config.h is unchanged
config.status:1410: executing depfiles commands
config.status:1410: executing libtool commands

## ---------------- ##
## Cache variables. ##
## ---------------- ##

ac_cv_build=i686-pc-mingw32
ac_cv_c_compiler_gnu=yes
ac_cv_c_inline=inline
ac_cv_env_CC_set=
ac_cv_env_CC_value=
ac_cv_env_CFLAGS_set=
ac_cv_env_CFLAGS_value=
ac_cv_env_CPPFLAGS_set=
ac_cv_env_CPPFLAGS_value=
ac_cv_env_CPP_set=
ac_cv_env_CPP_value=
ac_cv_env_LDFLAGS_set=
ac_cv_env_LDFLAGS_value=
ac_cv_env_LIBS_set=
ac_cv_env_LIBS_value=
ac_cv_env_build_alias_set=
ac_cv_env_build_alias_value=
ac_cv_env_host_alias_set=
ac_cv_env_host_alias_value=
ac_cv_env_target_alias_set=
ac_cv_env_target_alias_value=
ac_cv_exeext=.exe
ac_cv_file__c_libusb_bin_amd64_libusb0_dll=yes
ac_cv_file__c_libusb_bin_amd64_libusb0_sys=yes
ac_cv_file__c_libusb_bin_x86_libusb0_sys=yes
ac_cv_file__c_libusb_bin_x86_libusb0_x86_dll=yes
ac_cv_header_dlfcn_h=no
ac_cv_header_inttypes_h=yes
ac_cv_header_memory_h=yes
ac_cv_header_stdc=yes
ac_cv_header_stdint_h=yes
ac_cv_header_stdlib_h=yes
ac_cv_header_string_h=yes
ac_cv_header_strings_h=yes
ac_cv_header_sys_stat_h=yes
ac_cv_header_sys_types_h=yes
ac_cv_header_unistd_h=yes
ac_cv_host=i686-pc-mingw32
ac_cv_objext=o
ac_cv_path_EGREP='/bin/grep -E'
ac_cv_path_FGREP='/bin/grep -F'
ac_cv_path_GREP=/bin/grep
ac_cv_path_SED=/bin/sed
ac_cv_path_mkdir=/bin/mkdir
ac_cv_prog_AWK=gawk
ac_cv_prog_CPP='gcc -E'
ac_cv_prog_ac_ct_AR=ar
ac_cv_prog_ac_ct_CC=gcc
ac_cv_prog_ac_ct_DLLTOOL=dlltool
ac_cv_prog_ac_ct_OBJDUMP=objdump
ac_cv_prog_ac_ct_RANLIB=ranlib
ac_cv_prog_ac_ct_RC=windres
ac_cv_prog_ac_ct_STRIP=strip
ac_cv_prog_cc_c89=
ac_cv_prog_cc_g=yes
ac_cv_prog_cc_gcc_c_o=yes
ac_cv_prog_make_make_set=yes
am_cv_CC_dependencies_compiler_type=gcc3
lt_cv_ar_at_file=@
lt_cv_archive_cmds_need_lc=yes
lt_cv_deplibs_check_method='file_magic file format (pei*-i386(.*architecture: i386)?|pe-arm-wince|pe-x86-64)'
lt_cv_file_magic_cmd='$OBJDUMP -f'
lt_cv_file_magic_test_file=
lt_cv_ld_reload_flag=-r
lt_cv_nm_interface='BSD nm'
lt_cv_objdir=.libs
lt_cv_path_LD=c:/mingw64/x86_64-w64-mingw32/bin/ld.exe
lt_cv_path_NM=/c/MinGW64/bin/nm
lt_cv_path_mainfest_tool=no
lt_cv_prog_compiler_c_o=yes
lt_cv_prog_compiler_c_o_RC=yes
lt_cv_prog_compiler_pic='-DDLL_EXPORT -DPIC'
lt_cv_prog_compiler_pic_works=yes
lt_cv_prog_compiler_rtti_exceptions=no
lt_cv_prog_compiler_static_works=yes
lt_cv_prog_gnu_ld=yes
lt_cv_sharedlib_from_linklib_cmd=func_cygming_dll_for_implib
lt_cv_sys_global_symbol_pipe='sed -n -e '\''s/^.*[	 ]\([ABCDGIRSTW][ABCDGIRSTW]*\)[	 ][	 ]*\([_A-Za-z][_A-Za-z0-9]*\)\{0,1\}$/\1 \2 \2/p'\'' | sed '\''/ __gnu_lto/d'\'''
lt_cv_sys_global_symbol_to_c_name_address='sed -n -e '\''s/^: \([^ ]*\)[ ]*$/  {\"\1\", (void *) 0},/p'\'' -e '\''s/^[ABCDGIRSTW]* \([^ ]*\) \([^ ]*\)$/  {"\2", (void *) \&\2},/p'\'''
lt_cv_sys_global_symbol_to_c_name_address_lib_prefix='sed -n -e '\''s/^: \([^ ]*\)[ ]*$/  {\"\1\", (void *) 0},/p'\'' -e '\''s/^[ABCDGIRSTW]* \([^ ]*\) \(lib[^ ]*\)$/  {"\2", (void *) \&\2},/p'\'' -e '\''s/^[ABCDGIRSTW]* \([^ ]*\) \([^ ]*\)$/  {"lib\2", (void *) \&\2},/p'\'''
lt_cv_sys_global_symbol_to_cdecl='sed -n -e '\''s/^T .* \(.*\)$/extern int \1();/p'\'' -e '\''s/^[ABCDGIRSTW]* .* \(.*\)$/extern char \1;/p'\'''
lt_cv_sys_max_cmd_len=8192
lt_cv_to_host_file_cmd=func_convert_file_msys_to_w32
lt_cv_to_tool_file_cmd=func_convert_file_msys_to_w32

## ----------------- ##
## Output variables. ##
## ----------------- ##

ACLOCAL='${SHELL} "/c/Documents and Settings/brent/Downloads/libwdi-1.2.2/missing" --run aclocal-1.11'
AMDEPBACKSLASH='\'
AMDEP_FALSE='#'
AMDEP_TRUE=''
AMTAR='${SHELL} "/c/Documents and Settings/brent/Downloads/libwdi-1.2.2/missing" --run tar'
AM_BACKSLASH='\'
AM_CFLAGS='-Wshadow -DWINVER=0x500 -D_WIN32_IE=0x500 -std=gnu99 -Wall -Wundef -Wunused -Wstrict-prototypes -Werror-implicit-function-declaration -Wno-pointer-sign -Wshadow'
AM_DEFAULT_VERBOSITY='0'
AM_LDFLAGS='-Wl,--add-stdcall-alias -no-undefined -avoid-version'
AR='ar'
ARCH_CFLAGS='-m32'
ARCH_RCFLAGS='--target=pe-i386'
AUTOCONF='${SHELL} "/c/Documents and Settings/brent/Downloads/libwdi-1.2.2/missing" --run autoconf'
AUTOHEADER='${SHELL} "/c/Documents and Settings/brent/Downloads/libwdi-1.2.2/missing" --run autoheader'
AUTOMAKE='${SHELL} "/c/Documents and Settings/brent/Downloads/libwdi-1.2.2/missing" --run automake-1.11'
AWK='gawk'
BUILD_EXAMPLES_FALSE='#'
BUILD_EXAMPLES_TRUE=''
CC='gcc'
CCDEPMODE='depmode=gcc3'
CC_FOR_BUILD='gcc'
CFLAGS='-g -O2'
CPP='gcc -E'
CPPFLAGS=''
CREATE_IMPORT_LIB_FALSE='#'
CREATE_IMPORT_LIB_TRUE=''
CYGPATH_W='echo'
DEFS='-DHAVE_CONFIG_H'
DEPDIR='.deps'
DLLTOOL='dlltool'
DSYMUTIL=''
DUMPBIN=''
ECHO_C=''
ECHO_N='-n'
ECHO_T=''
EGREP='/bin/grep -E'
EXEEXT='.exe'
FGREP='/bin/grep -F'
GREP='/bin/grep'
INSTALL_DATA='${INSTALL} -m 644'
INSTALL_PROGRAM='${INSTALL}'
INSTALL_SCRIPT='${INSTALL}'
INSTALL_STRIP_PROGRAM='$(install_sh) -c -s'
LD='c:/mingw64/x86_64-w64-mingw32/bin/ld.exe'
LDFLAGS=''
LIBCONFIG_CFLAGS=''
LIBCONFIG_LIBADD=''
LIBOBJS=''
LIBS=''
LIBTOOL='$(SHELL) $(top_builddir)/libtool'
LIPO=''
LN_S='cp -p'
LTLIBOBJS=''
MAKEINFO='${SHELL} "/c/Documents and Settings/brent/Downloads/libwdi-1.2.2/missing" --run makeinfo'
MANIFEST_TOOL=':'
MKDIR_P='/bin/mkdir -p'
NM='/c/MinGW64/bin/nm'
NMEDIT=''
OBJDUMP='objdump'
OBJEXT='o'
OPT_IA64=''
OPT_M32=''
OPT_M32_FALSE='#'
OPT_M32_TRUE=''
OPT_M64=''
OPT_M64_FALSE='#'
OPT_M64_TRUE=''
OTOOL64=''
OTOOL=''
PACKAGE='libwdi'
PACKAGE_BUGREPORT='libwdi-devel@lists.sourceforge.net'
PACKAGE_NAME='libwdi'
PACKAGE_STRING='libwdi 1.2.2'
PACKAGE_TARNAME='libwdi'
PACKAGE_URL='http://libwdi.akeo.ie'
PACKAGE_VERSION='1.2.2'
PATH_SEPARATOR=':'
RANLIB='ranlib'
RC='windres'
SED='/bin/sed'
SET_MAKE=''
SHELL='/bin/sh'
STRIP='strip'
VERSION='1.2.2'
VISIBILITY_CFLAGS=''
ac_ct_AR='ar'
ac_ct_CC='gcc'
ac_ct_DUMPBIN=''
am__EXEEXT_FALSE='#'
am__EXEEXT_TRUE=''
am__fastdepCC_FALSE='#'
am__fastdepCC_TRUE=''
am__include='include'
am__isrc=''
am__leading_dot='.'
am__quote=''
am__tar='${AMTAR} chof - "$$tardir"'
am__untar='${AMTAR} xf -'
bindir='${exec_prefix}/bin'
build='i686-pc-mingw32'
build_alias=''
build_cpu='i686'
build_os='mingw32'
build_vendor='pc'
datadir='${datarootdir}'
datarootdir='${prefix}/share'
docdir='${datarootdir}/doc/${PACKAGE_TARNAME}'
dvidir='${docdir}'
exec_prefix='${prefix}'
host='i686-pc-mingw32'
host_alias=''
host_cpu='i686'
host_os='mingw32'
host_vendor='pc'
htmldir='${docdir}'
includedir='${prefix}/include'
infodir='${datarootdir}/info'
install_sh='${SHELL} '\''/c/Documents and Settings/brent/Downloads/libwdi-1.2.2/install-sh'\'''
libdir='${exec_prefix}/lib'
libexecdir='${exec_prefix}/libexec'
localedir='${datarootdir}/locale'
localstatedir='${prefix}/var'
mandir='${datarootdir}/man'
mkdir_p='/bin/mkdir -p'
oldincludedir='/usr/include'
pdfdir='${docdir}'
prefix='/usr/local'
program_transform_name='s,x,x,'
psdir='${docdir}'
sbindir='${exec_prefix}/sbin'
sharedstatedir='${prefix}/com'
sysconfdir='${prefix}/etc'
target_alias=''

## ----------- ##
## confdefs.h. ##
## ----------- ##

/* confdefs.h */
#define PACKAGE_NAME "libwdi"
#define PACKAGE_TARNAME "libwdi"
#define PACKAGE_VERSION "1.2.2"
#define PACKAGE_STRING "libwdi 1.2.2"
#define PACKAGE_BUGREPORT "libwdi-devel@lists.sourceforge.net"
#define PACKAGE_URL "http://libwdi.akeo.ie"
#define PACKAGE "libwdi"
#define VERSION "1.2.2"
#define STDC_HEADERS 1
#define HAVE_SYS_TYPES_H 1
#define HAVE_SYS_STAT_H 1
#define HAVE_STDLIB_H 1
#define HAVE_STRING_H 1
#define HAVE_MEMORY_H 1
#define HAVE_STRINGS_H 1
#define HAVE_INTTYPES_H 1
#define HAVE_STDINT_H 1
#define HAVE_UNISTD_H 1
#define LT_OBJDIR ".libs/"
#define _GNU_SOURCE /**/
#define WDF_VER 1011
#define LIBUSB0_DIR "/c/libusb"
#define OPT_M32 /**/
#define OPT_M64 /**/
#define HAVE__C_LIBUSB_BIN_X86_LIBUSB0_SYS 1
#define HAVE__C_LIBUSB_BIN_X86_LIBUSB0_X86_DLL 1
#define HAVE__C_LIBUSB_BIN_AMD64_LIBUSB0_SYS 1
#define HAVE__C_LIBUSB_BIN_AMD64_LIBUSB0_DLL 1
#define ENABLE_LOGGING 1

configure: exit 0
